[debug] [2023-08-24T07:35:43.254Z] ----------------------------------------------------------------------
[debug] [2023-08-24T07:35:43.261Z] Command:       C:\Program Files\nodejs\node.exe C:\Users\Admin\AppData\Roaming\npm\node_modules\firebase-tools\lib\bin\firebase.js deploy
[debug] [2023-08-24T07:35:43.262Z] CLI Version:   12.5.1
[debug] [2023-08-24T07:35:43.263Z] Platform:      win32
[debug] [2023-08-24T07:35:43.264Z] Node Version:  v18.14.2
[debug] [2023-08-24T07:35:43.266Z] Time:          Thu Aug 24 2023 09:35:43 GMT+0200 (Eastern European Standard Time)
[debug] [2023-08-24T07:35:43.266Z] ----------------------------------------------------------------------
[debug] 
[debug] [2023-08-24T07:35:43.398Z] > command requires scopes: ["email","openid","https://www.googleapis.com/auth/cloudplatformprojects.readonly","https://www.googleapis.com/auth/firebase","https://www.googleapis.com/auth/cloud-platform"]
[debug] [2023-08-24T07:35:43.399Z] > authorizing via signed-in user (enasm4829@gmail.com)
[debug] [2023-08-24T07:35:43.399Z] [iam] checking project movieapp-cf8d0 for permissions ["firebase.projects.get","firebasehosting.sites.update"]
[debug] [2023-08-24T07:35:43.402Z] >>> [apiv2][query] POST https://cloudresourcemanager.googleapis.com/v1/projects/movieapp-cf8d0:testIamPermissions [none]
[debug] [2023-08-24T07:35:43.402Z] >>> [apiv2][(partial)header] POST https://cloudresourcemanager.googleapis.com/v1/projects/movieapp-cf8d0:testIamPermissions x-goog-quota-user=projects/movieapp-cf8d0
[debug] [2023-08-24T07:35:43.402Z] >>> [apiv2][body] POST https://cloudresourcemanager.googleapis.com/v1/projects/movieapp-cf8d0:testIamPermissions {"permissions":["firebase.projects.get","firebasehosting.sites.update"]}
[debug] [2023-08-24T07:35:55.750Z] <<< [apiv2][status] POST https://cloudresourcemanager.googleapis.com/v1/projects/movieapp-cf8d0:testIamPermissions 200
[debug] [2023-08-24T07:35:55.751Z] <<< [apiv2][body] POST https://cloudresourcemanager.googleapis.com/v1/projects/movieapp-cf8d0:testIamPermissions {"permissions":["firebase.projects.get","firebasehosting.sites.update"]}
[debug] [2023-08-24T07:35:55.752Z] >>> [apiv2][query] GET https://firebase.googleapis.com/v1beta1/projects/movieapp-cf8d0 [none]
[debug] [2023-08-24T07:36:25.753Z] *** [apiv2] error from fetch(https://firebase.googleapis.com/v1beta1/projects/movieapp-cf8d0, {"headers":{},"method":"GET","signal":{}}): AbortError: The user aborted a request.
[debug] [2023-08-24T07:36:25.754Z] Timeout reached making request to https://firebase.googleapis.com/v1beta1/projects/movieapp-cf8d0 (original: The user aborted a request.)
[debug] [2023-08-24T07:36:30.774Z] Error: Timed out.
    at Timeout._onTimeout (C:\Users\Admin\AppData\Roaming\npm\node_modules\firebase-tools\lib\utils.js:254:49)
    at listOnTimeout (node:internal/timers:569:17)
    at process.processTimers (node:internal/timers:512:7)
[error] 
[error] Error: An unexpected error has occurred.
